{"name": "Successful fill form", "status": "broken", "statusDetails": {"message": "selenium.common.exceptions.JavascriptException: Message: javascript error: Cannot read properties of null (reading 'click')\n  (Session info: chrome=141.0.7390.55)\nStacktrace:\n0   chromedriver                        0x00000001027cb598 cxxbridge1$str$ptr + 2894960\n1   chromedriver                        0x00000001027c34d4 cxxbridge1$str$ptr + 2861996\n2   chromedriver                        0x00000001022e95ec _RNvCs47EqcsrPRmA_7___rustc35___rust_no_alloc_shim_is_unstable_v2 + 74324\n3   chromedriver                        0x00000001022ef2b4 _RNvCs47EqcsrPRmA_7___rustc35___rust_no_alloc_shim_is_unstable_v2 + 98076\n4   chromedriver                        0x00000001022f1868 _RNvCs47EqcsrPRmA_7___rustc35___rust_no_alloc_shim_is_unstable_v2 + 107728\n5   chromedriver                        0x00000001023733d4 _RNvCs47EqcsrPRmA_7___rustc35___rust_no_alloc_shim_is_unstable_v2 + 639036\n6   chromedriver                        0x0000000102372458 _RNvCs47EqcsrPRmA_7___rustc35___rust_no_alloc_shim_is_unstable_v2 + 635072\n7   chromedriver                        0x0000000102325178 _RNvCs47EqcsrPRmA_7___rustc35___rust_no_alloc_shim_is_unstable_v2 + 318944\n8   chromedriver                        0x000000010278f2e4 cxxbridge1$str$ptr + 2648508\n9   chromedriver                        0x00000001027928c0 cxxbridge1$str$ptr + 2662296\n10  chromedriver                        0x000000010276fd64 cxxbridge1$str$ptr + 2520124\n11  chromedriver                        0x00000001027931a8 cxxbridge1$str$ptr + 2664576\n12  chromedriver                        0x00000001027614d4 cxxbridge1$str$ptr + 2460588\n13  chromedriver                        0x00000001027b2b94 cxxbridge1$str$ptr + 2794092\n14  chromedriver                        0x00000001027b2d18 cxxbridge1$str$ptr + 2794480\n15  chromedriver                        0x00000001027c3120 cxxbridge1$str$ptr + 2861048\n16  libsystem_pthread.dylib             0x000000019530fc0c _pthread_start + 136\n17  libsystem_pthread.dylib             0x000000019530ab80 thread_start + 8", "trace": "setup_browser = <selene.core._browser.Browser object at 0x103286d50>\n\n    @allure.title(\"Successful fill form\")\n    def test_successful(setup_browser):\n        browser = setup_browser\n        first_name = \"Alex\"\n        last_name = \"Egorov\"\n    \n        with allure.step(\"Open registrations form\"):\n            browser.open(\"https://demoqa.com/automation-practice-form\")\n            browser.element(\".practice-form-wrapper\").should(have.text(\"Student Registration Form\"))\n            browser.driver.execute_script(\"$('footer').remove()\")\n            browser.driver.execute_script(\"$('#fixedban').remove()\")\n    \n        with allure.step(\"Fill form\"):\n            browser.element(\"#firstName\").set_value(first_name)\n            browser.element(\"#lastName\").set_value(last_name)\n            browser.element(\"#userEmail\").set_value(\"alex@egorov.com\")\n            browser.element(\"#genterWrapper\").element(by.text(\"Other\")).click()\n            browser.element(\"#userNumber\").set_value(\"1231231230\")\n            # browser.element(\"#dateOfBirthInput\").click()\n            # browser.element(\".react-datepicker__month-select\").s(\"July\")\n            # browser.element(\".react-datepicker__year-select\").selectOption(\"2008\")\n            # browser.element(\".react-datepicker__day--030:not(.react-datepicker__day--outside-month)\").click()\n            browser.element(\"#subjectsInput\").send_keys(\"Maths\")\n            browser.element(\"#subjectsInput\").press_enter()\n            # clicking the label sometimes fails due to overlays; click the checkbox input via JS instead\n            browser.driver.execute_script(\"document.getElementById('hobbies-checkbox-1').click()\")\n            # browser.element(\"#uploadPicture\").uploadFromClasspath(\"img/1.png\")\n            browser.element(\"#currentAddress\").set_value(\"Some street 1\")\n            # remove only modal backdrops that might intercept clicks (don't hide modals themselves)\n            browser.driver.execute_script(\"document.querySelectorAll('.modal-backdrop').forEach(e => e.remove());\")\n            # use JS clicks to avoid click interception issues with overlays\n            browser.driver.execute_script(\"document.querySelector('#state').click();\")\n>           browser.driver.execute_script(\"document.evaluate(\\\"//div[text()='NCR']\\\", document, null, XPathResult.FIRST_ORDERED_NODE_TYPE, null).singleNodeValue.click();\")\n\ntests/demoqa/test_registration_form.py:37: \n_ _ _ _ _ _ _ _ _ _ _ _ _ _ _ _ _ _ _ _ _ _ _ _ _ _ _ _ _ _ _ _ _ _ _ _ _ _ _ _ _ _ _ _ _ _ _ _ _ _ _ _ _ _ _ _ _ _ _ _ _ _ _ _ _ _ _ _ _ _ _ _ _ _ _ _ _ _ _ _ _ _ _ _ _ _ _ _ _ \n/Library/Frameworks/Python.framework/Versions/3.13/lib/python3.13/site-packages/selenium/webdriver/remote/webdriver.py:555: in execute_script\n    return self.execute(command, {\"script\": script, \"args\": converted_args})[\"value\"]\n           ^^^^^^^^^^^^^^^^^^^^^^^^^^^^^^^^^^^^^^^^^^^^^^^^^^^^^^^^^^^^^^^^^\n/Library/Frameworks/Python.framework/Versions/3.13/lib/python3.13/site-packages/selenium/webdriver/remote/webdriver.py:458: in execute\n    self.error_handler.check_response(response)\n_ _ _ _ _ _ _ _ _ _ _ _ _ _ _ _ _ _ _ _ _ _ _ _ _ _ _ _ _ _ _ _ _ _ _ _ _ _ _ _ _ _ _ _ _ _ _ _ _ _ _ _ _ _ _ _ _ _ _ _ _ _ _ _ _ _ _ _ _ _ _ _ _ _ _ _ _ _ _ _ _ _ _ _ _ _ _ _ _ \n\nself = <selenium.webdriver.remote.errorhandler.ErrorHandler object at 0x103286350>\nresponse = {'status': 500, 'value': '{\"value\":{\"error\":\"javascript error\",\"message\":\"javascript error: Cannot read properties of ...00019530fc0c _pthread_start + 136\\\\n17  libsystem_pthread.dylib             0x000000019530ab80 thread_start + 8\\\\n\"}}'}\n\n    def check_response(self, response: dict[str, Any]) -> None:\n        \"\"\"Checks that a JSON response from the WebDriver does not have an\n        error.\n    \n        :Args:\n         - response - The JSON response from the WebDriver server as a dictionary\n           object.\n    \n        :Raises: If the response contains an error message.\n        \"\"\"\n        status = response.get(\"status\", None)\n        if not status or status == ErrorCode.SUCCESS:\n            return\n        value = None\n        message = response.get(\"message\", \"\")\n        screen: str = response.get(\"screen\", \"\")\n        stacktrace = None\n        if isinstance(status, int):\n            value_json = response.get(\"value\", None)\n            if value_json and isinstance(value_json, str):\n                try:\n                    value = json.loads(value_json)\n                    if isinstance(value, dict):\n                        if len(value) == 1:\n                            value = value[\"value\"]\n                        status = value.get(\"error\", None)\n                        if not status:\n                            status = value.get(\"status\", ErrorCode.UNKNOWN_ERROR)\n                            message = value.get(\"value\") or value.get(\"message\")\n                            if not isinstance(message, str):\n                                value = message\n                                message = message.get(\"message\") if isinstance(message, dict) else None\n                        else:\n                            message = value.get(\"message\", None)\n                except ValueError:\n                    pass\n    \n        exception_class: type[WebDriverException]\n        e = ErrorCode()\n        error_codes = [item for item in dir(e) if not item.startswith(\"__\")]\n        for error_code in error_codes:\n            error_info = getattr(ErrorCode, error_code)\n            if isinstance(error_info, list) and status in error_info:\n                exception_class = getattr(ExceptionMapping, error_code, WebDriverException)\n                break\n        else:\n            exception_class = WebDriverException\n    \n        if not value:\n            value = response[\"value\"]\n        if isinstance(value, str):\n            raise exception_class(value)\n        if message == \"\" and \"message\" in value:\n            message = value[\"message\"]\n    \n        screen = None  # type: ignore[assignment]\n        if \"screen\" in value:\n            screen = value[\"screen\"]\n    \n        stacktrace = None\n        st_value = value.get(\"stackTrace\") or value.get(\"stacktrace\")\n        if st_value:\n            if isinstance(st_value, str):\n                stacktrace = st_value.split(\"\\n\")\n            else:\n                stacktrace = []\n                try:\n                    for frame in st_value:\n                        line = frame.get(\"lineNumber\", \"\")\n                        file = frame.get(\"fileName\", \"<anonymous>\")\n                        if line:\n                            file = f\"{file}:{line}\"\n                        meth = frame.get(\"methodName\", \"<anonymous>\")\n                        if \"className\" in frame:\n                            meth = f\"{frame['className']}.{meth}\"\n                        msg = \"    at %s (%s)\"\n                        msg = msg % (meth, file)\n                        stacktrace.append(msg)\n                except TypeError:\n                    pass\n        if exception_class == UnexpectedAlertPresentException:\n            alert_text = None\n            if \"data\" in value:\n                alert_text = value[\"data\"].get(\"text\")\n            elif \"alert\" in value:\n                alert_text = value[\"alert\"].get(\"text\")\n            raise exception_class(message, screen, stacktrace, alert_text)  # type: ignore[call-arg]  # mypy is not smart enough here\n>       raise exception_class(message, screen, stacktrace)\nE       selenium.common.exceptions.JavascriptException: Message: javascript error: Cannot read properties of null (reading 'click')\nE         (Session info: chrome=141.0.7390.55)\nE       Stacktrace:\nE       0   chromedriver                        0x00000001027cb598 cxxbridge1$str$ptr + 2894960\nE       1   chromedriver                        0x00000001027c34d4 cxxbridge1$str$ptr + 2861996\nE       2   chromedriver                        0x00000001022e95ec _RNvCs47EqcsrPRmA_7___rustc35___rust_no_alloc_shim_is_unstable_v2 + 74324\nE       3   chromedriver                        0x00000001022ef2b4 _RNvCs47EqcsrPRmA_7___rustc35___rust_no_alloc_shim_is_unstable_v2 + 98076\nE       4   chromedriver                        0x00000001022f1868 _RNvCs47EqcsrPRmA_7___rustc35___rust_no_alloc_shim_is_unstable_v2 + 107728\nE       5   chromedriver                        0x00000001023733d4 _RNvCs47EqcsrPRmA_7___rustc35___rust_no_alloc_shim_is_unstable_v2 + 639036\nE       6   chromedriver                        0x0000000102372458 _RNvCs47EqcsrPRmA_7___rustc35___rust_no_alloc_shim_is_unstable_v2 + 635072\nE       7   chromedriver                        0x0000000102325178 _RNvCs47EqcsrPRmA_7___rustc35___rust_no_alloc_shim_is_unstable_v2 + 318944\nE       8   chromedriver                        0x000000010278f2e4 cxxbridge1$str$ptr + 2648508\nE       9   chromedriver                        0x00000001027928c0 cxxbridge1$str$ptr + 2662296\nE       10  chromedriver                        0x000000010276fd64 cxxbridge1$str$ptr + 2520124\nE       11  chromedriver                        0x00000001027931a8 cxxbridge1$str$ptr + 2664576\nE       12  chromedriver                        0x00000001027614d4 cxxbridge1$str$ptr + 2460588\nE       13  chromedriver                        0x00000001027b2b94 cxxbridge1$str$ptr + 2794092\nE       14  chromedriver                        0x00000001027b2d18 cxxbridge1$str$ptr + 2794480\nE       15  chromedriver                        0x00000001027c3120 cxxbridge1$str$ptr + 2861048\nE       16  libsystem_pthread.dylib             0x000000019530fc0c _pthread_start + 136\nE       17  libsystem_pthread.dylib             0x000000019530ab80 thread_start + 8\n\n/Library/Frameworks/Python.framework/Versions/3.13/lib/python3.13/site-packages/selenium/webdriver/remote/errorhandler.py:232: JavascriptException"}, "steps": [{"name": "Open registrations form", "status": "passed", "start": 1759910976151, "stop": 1759910979061}, {"name": "Fill form", "status": "broken", "statusDetails": {"message": "selenium.common.exceptions.JavascriptException: Message: javascript error: Cannot read properties of null (reading 'click')\n  (Session info: chrome=141.0.7390.55)\nStacktrace:\n0   chromedriver                        0x00000001027cb598 cxxbridge1$str$ptr + 2894960\n1   chromedriver                        0x00000001027c34d4 cxxbridge1$str$ptr + 2861996\n2   chromedriver                        0x00000001022e95ec _RNvCs47EqcsrPRmA_7___rustc35___rust_no_alloc_shim_is_unstable_v2 + 74324\n3   chromedriver                        0x00000001022ef2b4 _RNvCs47EqcsrPRmA_7___rustc35___rust_no_alloc_shim_is_unstable_v2 + 98076\n4   chromedriver                        0x00000001022f1868 _RNvCs47EqcsrPRmA_7___rustc35___rust_no_alloc_shim_is_unstable_v2 + 107728\n5   chromedriver                        0x00000001023733d4 _RNvCs47EqcsrPRmA_7___rustc35___rust_no_alloc_shim_is_unstable_v2 + 639036\n6   chromedriver                        0x0000000102372458 _RNvCs47EqcsrPRmA_7___rustc35___rust_no_alloc_shim_is_unstable_v2 + 635072\n7   chromedriver                        0x0000000102325178 _RNvCs47EqcsrPRmA_7___rustc35___rust_no_alloc_shim_is_unstable_v2 + 318944\n8   chromedriver                        0x000000010278f2e4 cxxbridge1$str$ptr + 2648508\n9   chromedriver                        0x00000001027928c0 cxxbridge1$str$ptr + 2662296\n10  chromedriver                        0x000000010276fd64 cxxbridge1$str$ptr + 2520124\n11  chromedriver                        0x00000001027931a8 cxxbridge1$str$ptr + 2664576\n12  chromedriver                        0x00000001027614d4 cxxbridge1$str$ptr + 2460588\n13  chromedriver                        0x00000001027b2b94 cxxbridge1$str$ptr + 2794092\n14  chromedriver                        0x00000001027b2d18 cxxbridge1$str$ptr + 2794480\n15  chromedriver                        0x00000001027c3120 cxxbridge1$str$ptr + 2861048\n16  libsystem_pthread.dylib             0x000000019530fc0c _pthread_start + 136\n17  libsystem_pthread.dylib             0x000000019530ab80 thread_start + 8\n\n", "trace": "  File \"/Users/dmitry/qa_guru_python_9_jenkins-4/tests/demoqa/test_registration_form.py\", line 37, in test_successful\n    browser.driver.execute_script(\"document.evaluate(\\\"//div[text()='NCR']\\\", document, null, XPathResult.FIRST_ORDERED_NODE_TYPE, null).singleNodeValue.click();\")\n    ~~~~~~~~~~~~~~~~~~~~~~~~~~~~~^^^^^^^^^^^^^^^^^^^^^^^^^^^^^^^^^^^^^^^^^^^^^^^^^^^^^^^^^^^^^^^^^^^^^^^^^^^^^^^^^^^^^^^^^^^^^^^^^^^^^^^^^^^^^^^^^^^^^^^^^^^^^^^^^^\n  File \"/Library/Frameworks/Python.framework/Versions/3.13/lib/python3.13/site-packages/selenium/webdriver/remote/webdriver.py\", line 555, in execute_script\n    return self.execute(command, {\"script\": script, \"args\": converted_args})[\"value\"]\n           ~~~~~~~~~~~~^^^^^^^^^^^^^^^^^^^^^^^^^^^^^^^^^^^^^^^^^^^^^^^^^^^^^\n  File \"/Library/Frameworks/Python.framework/Versions/3.13/lib/python3.13/site-packages/selenium/webdriver/remote/webdriver.py\", line 458, in execute\n    self.error_handler.check_response(response)\n    ~~~~~~~~~~~~~~~~~~~~~~~~~~~~~~~~~^^^^^^^^^^\n  File \"/Library/Frameworks/Python.framework/Versions/3.13/lib/python3.13/site-packages/selenium/webdriver/remote/errorhandler.py\", line 232, in check_response\n    raise exception_class(message, screen, stacktrace)\n"}, "start": 1759910979061, "stop": 1759910979335}], "start": 1759910976151, "stop": 1759910979336, "uuid": "ca257cf6-5f67-4e61-b754-2418ed4ee262", "historyId": "6fe5a9365b874ddd38dec6751b552478", "testCaseId": "6fe5a9365b874ddd38dec6751b552478", "fullName": "tests.demoqa.test_registration_form#test_successful", "labels": [{"name": "parentSuite", "value": "tests.demoqa"}, {"name": "suite", "value": "test_registration_form"}, {"name": "host", "value": "MacBook-Air.local"}, {"name": "thread", "value": "45872-MainThread"}, {"name": "framework", "value": "pytest"}, {"name": "language", "value": "cpython3"}, {"name": "package", "value": "tests.demoqa.test_registration_form"}], "titlePath": ["tests", "demoqa", "test_registration_form.py"]}